Debug|Reading config...
Debug|Reading referenced images from 'Z:\Amazfit\WatchFaces\GalaxyActive_NL_v0'
Trace|Loading images for 2 'Background'
Trace|Loading images for 2.1 'Image'
Trace|Loading image 0...
Trace|Image was loaded from file Z:\Amazfit\WatchFaces\GalaxyActive_NL_v0\0000.png
Trace|Loading images for 3 'Time'
Trace|Loading images for 3.1 'TwoDigits'
Trace|Loading images for 3.1.1 'ImageSet'
Trace|Loading image 1...
Trace|Image was loaded from file Z:\Amazfit\WatchFaces\GalaxyActive_NL_v0\0900.png
Trace|Loading images for 3.1.2 'ImageSet'
Trace|Loading images for 3.2 'TwoDigits'
Trace|Loading images for 3.2.1 'ImageSet'
Trace|Loading image 2...
Trace|Image was loaded from file Z:\Amazfit\WatchFaces\GalaxyActive_NL_v0\0220.png
Trace|Loading image 3...
Trace|Image was loaded from file Z:\Amazfit\WatchFaces\GalaxyActive_NL_v0\0221.png
Trace|Loading image 4...
Trace|Image was loaded from file Z:\Amazfit\WatchFaces\GalaxyActive_NL_v0\0222.png
Trace|Loading image 5...
Trace|Image was loaded from file Z:\Amazfit\WatchFaces\GalaxyActive_NL_v0\0223.png
Trace|Loading image 6...
Trace|Image was loaded from file Z:\Amazfit\WatchFaces\GalaxyActive_NL_v0\0224.png
Trace|Loading image 7...
Trace|Image was loaded from file Z:\Amazfit\WatchFaces\GalaxyActive_NL_v0\0225.png
Trace|Loading images for 3.2.2 'ImageSet'
Trace|Loading image 8...
Trace|Image was loaded from file Z:\Amazfit\WatchFaces\GalaxyActive_NL_v0\0200.png
Trace|Loading image 9...
Trace|Image was loaded from file Z:\Amazfit\WatchFaces\GalaxyActive_NL_v0\0201.png
Trace|Loading image 10...
Trace|Image was loaded from file Z:\Amazfit\WatchFaces\GalaxyActive_NL_v0\0202.png
Trace|Loading image 11...
Trace|Image was loaded from file Z:\Amazfit\WatchFaces\GalaxyActive_NL_v0\0203.png
Trace|Loading image 12...
Trace|Image was loaded from file Z:\Amazfit\WatchFaces\GalaxyActive_NL_v0\0204.png
Trace|Loading image 13...
Trace|Image was loaded from file Z:\Amazfit\WatchFaces\GalaxyActive_NL_v0\0205.png
Trace|Loading image 14...
Trace|Image was loaded from file Z:\Amazfit\WatchFaces\GalaxyActive_NL_v0\0206.png
Trace|Loading image 15...
Trace|Image was loaded from file Z:\Amazfit\WatchFaces\GalaxyActive_NL_v0\0207.png
Trace|Loading image 16...
Trace|Image was loaded from file Z:\Amazfit\WatchFaces\GalaxyActive_NL_v0\0208.png
Trace|Loading image 17...
Trace|Image was loaded from file Z:\Amazfit\WatchFaces\GalaxyActive_NL_v0\0209.png
Trace|Loading images for 5 'Date'
Trace|Loading images for 5.1 'MonthAndDay'
Trace|Loading images for 5.1.1 'SeparateMonthAndDay'
Trace|Loading images for 5.1.1.3 'Number'
Trace|Loading images for 5.1.1.3.5 'TextAlignment'
Trace|Loading image 18...
Trace|Image was loaded from file Z:\Amazfit\WatchFaces\GalaxyActive_NL_v0\0300.png
Trace|Loading image 19...
Trace|Image was loaded from file Z:\Amazfit\WatchFaces\GalaxyActive_NL_v0\0301.png
Trace|Loading image 20...
Trace|Image was loaded from file Z:\Amazfit\WatchFaces\GalaxyActive_NL_v0\0302.png
Trace|Loading image 21...
Trace|Image was loaded from file Z:\Amazfit\WatchFaces\GalaxyActive_NL_v0\0303.png
Trace|Loading image 22...
Trace|Image was loaded from file Z:\Amazfit\WatchFaces\GalaxyActive_NL_v0\0304.png
Trace|Loading image 23...
Trace|Image was loaded from file Z:\Amazfit\WatchFaces\GalaxyActive_NL_v0\0305.png
Trace|Loading image 24...
Trace|Image was loaded from file Z:\Amazfit\WatchFaces\GalaxyActive_NL_v0\0306.png
Trace|Loading image 25...
Trace|Image was loaded from file Z:\Amazfit\WatchFaces\GalaxyActive_NL_v0\0307.png
Trace|Loading image 26...
Trace|Image was loaded from file Z:\Amazfit\WatchFaces\GalaxyActive_NL_v0\0308.png
Trace|Loading image 27...
Trace|Image was loaded from file Z:\Amazfit\WatchFaces\GalaxyActive_NL_v0\0309.png
Trace|Loading images for 5.1.3 'Boolean'
Trace|Loading images for 5.1.4 'Boolean'
Trace|Loading images for 5.2 'ImageSet'
Trace|Loading image 28...
Trace|Image was loaded from file Z:\Amazfit\WatchFaces\GalaxyActive_NL_v0\0401.png
Trace|Loading image 29...
Trace|Image was loaded from file Z:\Amazfit\WatchFaces\GalaxyActive_NL_v0\0402.png
Trace|Loading image 30...
Trace|Image was loaded from file Z:\Amazfit\WatchFaces\GalaxyActive_NL_v0\0403.png
Trace|Loading image 31...
Trace|Image was loaded from file Z:\Amazfit\WatchFaces\GalaxyActive_NL_v0\0404.png
Trace|Loading image 32...
Trace|Image was loaded from file Z:\Amazfit\WatchFaces\GalaxyActive_NL_v0\0405.png
Trace|Loading image 33...
Trace|Image was loaded from file Z:\Amazfit\WatchFaces\GalaxyActive_NL_v0\0406.png
Trace|Loading image 34...
Trace|Image was loaded from file Z:\Amazfit\WatchFaces\GalaxyActive_NL_v0\0407.png
Trace|Loading images for 6 'Weather'
Trace|Loading images for 6.2 'Temperature'
Trace|Loading images for 6.2.1 'TemperatureNumber'
Trace|Loading images for 6.2.1.1 'Number'
Trace|Loading images for 6.2.1.1.5 'TextAlignment'
Trace|Loading image 35...
Trace|Image was loaded from file Z:\Amazfit\WatchFaces\GalaxyActive_NL_v0\0310.png
Trace|Loading image 36...
Trace|Image was loaded from file Z:\Amazfit\WatchFaces\GalaxyActive_NL_v0\0311.png
Trace|Loading images for 8 'Status'
Trace|Loading images for 8.1 'Switch'
Trace|Loading images for 8.1.1 'Coordinates'
Trace|Loading image 37...
Trace|Image was loaded from file Z:\Amazfit\WatchFaces\GalaxyActive_NL_v0\0010.png
Trace|Loading images for 8.4 'Switch'
Trace|Loading images for 8.4.1 'Coordinates'
Trace|Loading image 38...
Trace|Image was loaded from file Z:\Amazfit\WatchFaces\GalaxyActive_NL_v0\0011.png
Trace|Loading images for 9 'Battery'
Trace|Loading images for 9.2 'ImageSet'
Trace|Loading image 39...
Trace|Image was loaded from file Z:\Amazfit\WatchFaces\GalaxyActive_NL_v0\0100.png
Trace|Loading image 40...
Trace|Image was loaded from file Z:\Amazfit\WatchFaces\GalaxyActive_NL_v0\0101.png
Trace|Loading image 41...
Trace|Image was loaded from file Z:\Amazfit\WatchFaces\GalaxyActive_NL_v0\0102.png
Trace|Loading image 42...
Trace|Image was loaded from file Z:\Amazfit\WatchFaces\GalaxyActive_NL_v0\0103.png
Trace|Loading image 43...
Trace|Image was loaded from file Z:\Amazfit\WatchFaces\GalaxyActive_NL_v0\0104.png
Trace|Loading image 44...
Trace|Image was loaded from file Z:\Amazfit\WatchFaces\GalaxyActive_NL_v0\0105.png
Trace|Loading image 45...
Trace|Image was loaded from file Z:\Amazfit\WatchFaces\GalaxyActive_NL_v0\0106.png
Trace|Loading image 46...
Trace|Image was loaded from file Z:\Amazfit\WatchFaces\GalaxyActive_NL_v0\0107.png
Trace|Loading image 47...
Trace|Image was loaded from file Z:\Amazfit\WatchFaces\GalaxyActive_NL_v0\0108.png
Trace|Loading images for 10 'AnalogDialFace'
Trace|Loading images for 10.1 'ClockHand'
Trace|Loading images for 10.1.1 'Boolean'
Trace|Loading images for 10.1.3 'Coordinates'
Trace|Loading images for 10.2 'ClockHand'
Trace|Loading images for 10.2.1 'Boolean'
Trace|Loading images for 10.2.3 'Coordinates'
Trace|Building parameters for watch face...
Trace|2 'Background'
Trace|2.1 'Image'
Trace|2.1.1 'X': 0
Trace|2.1.2 'Y': 0
Trace|2.1.3 'ImageIndex': 0
Trace|3 'Time'
Trace|3.1 'TwoDigits'
Trace|3.1.1 'ImageSet'
Trace|3.1.1.1 'X': 0
Trace|3.1.1.2 'Y': 0
Trace|3.1.1.3 'ImageIndex': 1
Trace|3.1.1.4 'ImagesCount': 1
Trace|3.1.2 'ImageSet'
Trace|3.1.2.1 'X': 0
Trace|3.1.2.2 'Y': 0
Trace|3.1.2.3 'ImageIndex': 1
Trace|3.1.2.4 'ImagesCount': 1
Trace|3.2 'TwoDigits'
Trace|3.2.1 'ImageSet'
Trace|3.2.1.1 'X': 0
Trace|3.2.1.2 'Y': 0
Trace|3.2.1.3 'ImageIndex': 2
Trace|3.2.1.4 'ImagesCount': 6
Trace|3.2.2 'ImageSet'
Trace|3.2.2.1 'X': 0
Trace|3.2.2.2 'Y': 0
Trace|3.2.2.3 'ImageIndex': 8
Trace|3.2.2.4 'ImagesCount': 10
Trace|3.5 'DrawingOrder': 8515
Trace|5 'Date'
Trace|5.1 'MonthAndDay'
Trace|5.1.1 'SeparateMonthAndDay'
Trace|5.1.1.3 'Number'
Trace|5.1.1.3.1 'TopLeftX': 155
Trace|5.1.1.3.2 'TopLeftY': 160
Trace|5.1.1.3.3 'BottomRightX': 175
Trace|5.1.1.3.4 'BottomRightY': 175
Trace|5.1.1.3.5 'Alignment': 24
Trace|5.1.1.3.6 'Spacing': 0
Trace|5.1.1.3.7 'ImageIndex': 18
Trace|5.1.1.3.8 'ImagesCount': 10
Trace|5.1.3 'TwoDigitsMonth': 0
Trace|5.1.4 'TwoDigitsDay': 0
Trace|5.2 'ImageSet'
Trace|5.2.1 'X': 3
Trace|5.2.2 'Y': 160
Trace|5.2.3 'ImageIndex': 28
Trace|5.2.4 'ImagesCount': 7
Trace|6 'Weather'
Trace|6.2 'Temperature'
Trace|6.2.1 'TemperatureNumber'
Trace|6.2.1.1 'Number'
Trace|6.2.1.1.1 'TopLeftX': 3
Trace|6.2.1.1.2 'TopLeftY': 4
Trace|6.2.1.1.3 'BottomRightX': 33
Trace|6.2.1.1.4 'BottomRightY': 9
Trace|6.2.1.1.5 'Alignment': 18
Trace|6.2.1.1.6 'Spacing': 2
Trace|6.2.1.1.7 'ImageIndex': 18
Trace|6.2.1.1.8 'ImagesCount': 10
Trace|6.2.1.2 'MinusImageIndex': 35
Trace|6.2.1.3 'DegreesImageIndex': 36
Trace|8 'Status'
Trace|8.1 'Switch'
Trace|8.1.1 'Coordinates'
Trace|8.1.1.1 'X': 78
Trace|8.1.1.2 'Y': 29
Trace|8.1.3 'ImageIndexOff': 37
Trace|8.4 'Switch'
Trace|8.4.1 'Coordinates'
Trace|8.4.1.1 'X': 89
Trace|8.4.1.2 'Y': 29
Trace|8.4.2 'ImageIndexOn': 38
Trace|9 'Battery'
Trace|9.2 'ImageSet'
Trace|9.2.1 'X': 163
Trace|9.2.2 'Y': 4
Trace|9.2.3 'ImageIndex': 39
Trace|9.2.4 'ImagesCount': 9
Trace|10 'AnalogDialFace'
Trace|10.1 'ClockHand'
Trace|10.1.1 'OnlyBorder': 0
Trace|10.1.2 'Color': 65280
Trace|10.1.3 'Coordinates'
Trace|10.1.3.1 'X': 88
Trace|10.1.3.2 'Y': 88
Trace|10.1.4 'Coordinates'
Trace|10.1.4.1 'X': 11
Trace|10.1.4.2 'Y': -8
Trace|10.1.4 'Coordinates'
Trace|10.1.4.1 'X': 47
Trace|10.1.4.2 'Y': -8
Trace|10.1.4 'Coordinates'
Trace|10.1.4.1 'X': 49
Trace|10.1.4.2 'Y': -7
Trace|10.1.4 'Coordinates'
Trace|10.1.4.1 'X': 52
Trace|10.1.4.2 'Y': -4
Trace|10.1.4 'Coordinates'
Trace|10.1.4.1 'X': 53
Trace|10.1.4.2 'Y': 0
Trace|10.1.4 'Coordinates'
Trace|10.1.4.1 'X': 52
Trace|10.1.4.2 'Y': 4
Trace|10.1.4 'Coordinates'
Trace|10.1.4.1 'X': 49
Trace|10.1.4.2 'Y': 7
Trace|10.1.4 'Coordinates'
Trace|10.1.4.1 'X': 47
Trace|10.1.4.2 'Y': 8
Trace|10.1.4 'Coordinates'
Trace|10.1.4.1 'X': 11
Trace|10.1.4.2 'Y': 8
Trace|10.1.4 'Coordinates'
Trace|10.1.4.1 'X': 14
Trace|10.1.4.2 'Y': 2
Trace|10.1.4 'Coordinates'
Trace|10.1.4.1 'X': 14
Trace|10.1.4.2 'Y': -2
Trace|10.2 'ClockHand'
Trace|10.2.1 'OnlyBorder': 0
Trace|10.2.2 'Color': 16777215
Trace|10.2.3 'Coordinates'
Trace|10.2.3.1 'X': 88
Trace|10.2.3.2 'Y': 88
Trace|10.2.4 'Coordinates'
Trace|10.2.4.1 'X': 12
Trace|10.2.4.2 'Y': -6
Trace|10.2.4 'Coordinates'
Trace|10.2.4.1 'X': 63
Trace|10.2.4.2 'Y': -6
Trace|10.2.4 'Coordinates'
Trace|10.2.4.1 'X': 67
Trace|10.2.4.2 'Y': -5
Trace|10.2.4 'Coordinates'
Trace|10.2.4.1 'X': 69
Trace|10.2.4.2 'Y': -3
Trace|10.2.4 'Coordinates'
Trace|10.2.4.1 'X': 70
Trace|10.2.4.2 'Y': 0
Trace|10.2.4 'Coordinates'
Trace|10.2.4.1 'X': 69
Trace|10.2.4.2 'Y': 3
Trace|10.2.4 'Coordinates'
Trace|10.2.4.1 'X': 67
Trace|10.2.4.2 'Y': 5
Trace|10.2.4 'Coordinates'
Trace|10.2.4.1 'X': 63
Trace|10.2.4.2 'Y': 6
Trace|10.2.4 'Coordinates'
Trace|10.2.4.1 'X': 12
Trace|10.2.4.2 'Y': 6
Trace|10.2.4 'Coordinates'
Trace|10.2.4.1 'X': 14
Trace|10.2.4.2 'Y': 2
Trace|10.2.4 'Coordinates'
Trace|10.2.4.1 'X': 14
Trace|10.2.4.2 'Y': -2
Debug|Generating previews...
Debug|Writing watch face to 'Z:\Amazfit\WatchFaces\GalaxyActive_NL_v0\GalaxyActive_NL_v0_packed.bin'
Trace|Encoding parameters...
Trace|Parameter: 2
Trace|1 (0A):
Trace|    1 (08): 0 (00)
Trace|    2 (10): 0 (00)
Trace|    3 (18): 0 (00)
Trace|8 bytes
Trace|Parameter: 3
Trace|1 (0A):
Trace|    1 (0A):
Trace|        1 (08): 0 (00)
Trace|        2 (10): 0 (00)
Trace|        3 (18): 1 (01)
Trace|        4 (20): 1 (01)
Trace|    10 bytes
Trace|    2 (12):
Trace|        1 (08): 0 (00)
Trace|        2 (10): 0 (00)
Trace|        3 (18): 1 (01)
Trace|        4 (20): 1 (01)
Trace|    10 bytes
Trace|22 bytes
Trace|2 (12):
Trace|    1 (0A):
Trace|        1 (08): 0 (00)
Trace|        2 (10): 0 (00)
Trace|        3 (18): 2 (02)
Trace|        4 (20): 6 (06)
Trace|    10 bytes
Trace|    2 (12):
Trace|        1 (08): 0 (00)
Trace|        2 (10): 0 (00)
Trace|        3 (18): 8 (08)
Trace|        4 (20): 10 (0A)
Trace|    10 bytes
Trace|22 bytes
Trace|5 (28): 8515 (2143)
Trace|Parameter: 5
Trace|1 (0A):
Trace|    1 (0A):
Trace|        3 (1A):
Trace|            1 (08): 155 (9B)
Trace|            2 (10): 160 (A0)
Trace|            3 (18): 175 (AF)
Trace|            4 (20): 175 (AF)
Trace|            5 (28): 24 (18)
Trace|            6 (30): 0 (00)
Trace|            7 (38): 18 (12)
Trace|            8 (40): 10 (0A)
Trace|        22 bytes
Trace|    24 bytes
Trace|    3 (18): 0 (00)
Trace|    4 (20): 0 (00)
Trace|30 bytes
Trace|2 (12):
Trace|    1 (08): 3 (03)
Trace|    2 (10): 160 (A0)
Trace|    3 (18): 28 (1C)
Trace|    4 (20): 7 (07)
Trace|11 bytes
Trace|Parameter: 6
Trace|2 (12):
Trace|    1 (0A):
Trace|        1 (0A):
Trace|            1 (08): 3 (03)
Trace|            2 (10): 4 (04)
Trace|            3 (18): 33 (21)
Trace|            4 (20): 9 (09)
Trace|            5 (28): 18 (12)
Trace|            6 (30): 2 (02)
Trace|            7 (38): 18 (12)
Trace|            8 (40): 10 (0A)
Trace|        18 bytes
Trace|        2 (10): 35 (23)
Trace|        3 (18): 36 (24)
Trace|    24 bytes
Trace|26 bytes
Trace|Parameter: 8
Trace|1 (0A):
Trace|    1 (0A):
Trace|        1 (08): 78 (4E)
Trace|        2 (10): 29 (1D)
Trace|    6 bytes
Trace|    3 (18): 37 (25)
Trace|10 bytes
Trace|4 (22):
Trace|    1 (0A):
Trace|        1 (08): 89 (59)
Trace|        2 (10): 29 (1D)
Trace|    6 bytes
Trace|    2 (10): 38 (26)
Trace|10 bytes
Trace|Parameter: 9
Trace|2 (12):
Trace|    1 (08): 163 (A3)
Trace|    2 (10): 4 (04)
Trace|    3 (18): 39 (27)
Trace|    4 (20): 9 (09)
Trace|11 bytes
Trace|Parameter: 10
Trace|1 (0A):
Trace|    1 (08): 0 (00)
Trace|    2 (10): 65280 (FF00)
Trace|    3 (1A):
Trace|        1 (08): 88 (58)
Trace|        2 (10): 88 (58)
Trace|    6 bytes
Trace|    4 (22):
Trace|        1 (08): 11 (0B)
Trace|        2 (10): -8 (FFFFFFFFFFFFFFF8)
Trace|    15 bytes
Trace|    4 (22):
Trace|        1 (08): 47 (2F)
Trace|        2 (10): -8 (FFFFFFFFFFFFFFF8)
Trace|    15 bytes
Trace|    4 (22):
Trace|        1 (08): 49 (31)
Trace|        2 (10): -7 (FFFFFFFFFFFFFFF9)
Trace|    15 bytes
Trace|    4 (22):
Trace|        1 (08): 52 (34)
Trace|        2 (10): -4 (FFFFFFFFFFFFFFFC)
Trace|    15 bytes
Trace|    4 (22):
Trace|        1 (08): 53 (35)
Trace|        2 (10): 0 (00)
Trace|    6 bytes
Trace|    4 (22):
Trace|        1 (08): 52 (34)
Trace|        2 (10): 4 (04)
Trace|    6 bytes
Trace|    4 (22):
Trace|        1 (08): 49 (31)
Trace|        2 (10): 7 (07)
Trace|    6 bytes
Trace|    4 (22):
Trace|        1 (08): 47 (2F)
Trace|        2 (10): 8 (08)
Trace|    6 bytes
Trace|    4 (22):
Trace|        1 (08): 11 (0B)
Trace|        2 (10): 8 (08)
Trace|    6 bytes
Trace|    4 (22):
Trace|        1 (08): 14 (0E)
Trace|        2 (10): 2 (02)
Trace|    6 bytes
Trace|    4 (22):
Trace|        1 (08): 14 (0E)
Trace|        2 (10): -2 (FFFFFFFFFFFFFFFE)
Trace|    15 bytes
Trace|125 bytes
Trace|2 (12):
Trace|    1 (08): 0 (00)
Trace|    2 (10): 16777215 (FFFFFF)
Trace|    3 (1A):
Trace|        1 (08): 88 (58)
Trace|        2 (10): 88 (58)
Trace|    6 bytes
Trace|    4 (22):
Trace|        1 (08): 12 (0C)
Trace|        2 (10): -6 (FFFFFFFFFFFFFFFA)
Trace|    15 bytes
Trace|    4 (22):
Trace|        1 (08): 63 (3F)
Trace|        2 (10): -6 (FFFFFFFFFFFFFFFA)
Trace|    15 bytes
Trace|    4 (22):
Trace|        1 (08): 67 (43)
Trace|        2 (10): -5 (FFFFFFFFFFFFFFFB)
Trace|    15 bytes
Trace|    4 (22):
Trace|        1 (08): 69 (45)
Trace|        2 (10): -3 (FFFFFFFFFFFFFFFD)
Trace|    15 bytes
Trace|    4 (22):
Trace|        1 (08): 70 (46)
Trace|        2 (10): 0 (00)
Trace|    6 bytes
Trace|    4 (22):
Trace|        1 (08): 69 (45)
Trace|        2 (10): 3 (03)
Trace|    6 bytes
Trace|    4 (22):
Trace|        1 (08): 67 (43)
Trace|        2 (10): 5 (05)
Trace|    6 bytes
Trace|    4 (22):
Trace|        1 (08): 63 (3F)
Trace|        2 (10): 6 (06)
Trace|    6 bytes
Trace|    4 (22):
Trace|        1 (08): 12 (0C)
Trace|        2 (10): 6 (06)
Trace|    6 bytes
Trace|    4 (22):
Trace|        1 (08): 14 (0E)
Trace|        2 (10): 2 (02)
Trace|    6 bytes
Trace|    4 (22):
Trace|        1 (08): 14 (0E)
Trace|        2 (10): -2 (FFFFFFFFFFFFFFFE)
Trace|    15 bytes
Trace|126 bytes
Trace|Encoding offsets and lengths...
Trace|1 (0A):
Trace|    1 (08): 404 (194)
Trace|    2 (10): 48 (30)
Trace|7 bytes
Trace|2 (12):
Trace|    1 (08): 0 (00)
Trace|    2 (10): 8 (08)
Trace|6 bytes
Trace|3 (1A):
Trace|    1 (08): 8 (08)
Trace|    2 (10): 47 (2F)
Trace|6 bytes
Trace|5 (2A):
Trace|    1 (08): 55 (37)
Trace|    2 (10): 41 (29)
Trace|6 bytes
Trace|6 (32):
Trace|    1 (08): 96 (60)
Trace|    2 (10): 26 (1A)
Trace|6 bytes
Trace|8 (42):
Trace|    1 (08): 122 (7A)
Trace|    2 (10): 20 (14)
Trace|6 bytes
Trace|9 (4A):
Trace|    1 (08): 142 (8E)
Trace|    2 (10): 11 (0B)
Trace|7 bytes
Trace|10 (52):
Trace|    1 (08): 153 (99)
Trace|    2 (10): 251 (FB)
Trace|8 bytes
Trace|Writing header...
Trace|Writing parameters offsets and lengths...
Trace|Writing parameters...
Trace|Writing images...
Trace|Image 0 offset is 0...
Debug|Encoding image 0...
Trace|Extracting palette...
Trace|Palette item 0: R 00, G 00, B 00
Trace|Palette item 1: R FF, G FF, B FF
Trace|Palette item 2: R 00, G FF, B 00
Trace|Writing image header...
Trace|Width: 176, Height: 176, RowLength: 44
Trace|BPP: 2, PaletteColors: 3, Transaparency: 0
Trace|Writing palette...
Trace|Writing image...
Trace|Image 1 offset is 7772...
Debug|Encoding image 1...
Trace|Extracting palette...
Trace|Palette item 0: R 00, G 00, B 00, Transaparent color
Trace|Writing image header...
Trace|Width: 10, Height: 10, RowLength: 2
Trace|BPP: 1, PaletteColors: 1, Transaparency: 1
Trace|Writing palette...
Trace|Writing image...
Trace|Image 2 offset is 7812...
Debug|Encoding image 2...
Trace|Extracting palette...
Trace|Palette item 0: R 00, G 00, B 00, Transaparent color
Trace|Palette item 1: R 00, G 00, B 00
Trace|Writing image header...
Trace|Width: 176, Height: 176, RowLength: 22
Trace|BPP: 1, PaletteColors: 2, Transaparency: 1
Trace|Writing palette...
Trace|Writing image...
Trace|Image 3 offset is 11708...
Debug|Encoding image 3...
Trace|Extracting palette...
Trace|Palette item 0: R 00, G 00, B 00, Transaparent color
Trace|Palette item 1: R FF, G FF, B FF
Trace|Palette item 2: R 00, G 00, B 00
Trace|Writing image header...
Trace|Width: 176, Height: 176, RowLength: 44
Trace|BPP: 2, PaletteColors: 3, Transaparency: 1
Trace|Writing palette...
Trace|Writing image...
Trace|Image 4 offset is 19480...
Debug|Encoding image 4...
Trace|Extracting palette...
Trace|Palette item 0: R 00, G 00, B 00, Transaparent color
Trace|Palette item 1: R FF, G FF, B FF
Trace|Palette item 2: R 00, G 00, B 00
Trace|Writing image header...
Trace|Width: 176, Height: 176, RowLength: 44
Trace|BPP: 2, PaletteColors: 3, Transaparency: 1
Trace|Writing palette...
Trace|Writing image...
Trace|Image 5 offset is 27252...
Debug|Encoding image 5...
Trace|Extracting palette...
Trace|Palette item 0: R 00, G 00, B 00, Transaparent color
Trace|Palette item 1: R FF, G FF, B FF
Trace|Palette item 2: R 00, G 00, B 00
Trace|Writing image header...
Trace|Width: 176, Height: 176, RowLength: 44
Trace|BPP: 2, PaletteColors: 3, Transaparency: 1
Trace|Writing palette...
Trace|Writing image...
Trace|Image 6 offset is 35024...
Debug|Encoding image 6...
Trace|Extracting palette...
Trace|Palette item 0: R 00, G 00, B 00, Transaparent color
Trace|Palette item 1: R FF, G FF, B FF
Trace|Palette item 2: R 00, G 00, B 00
Trace|Writing image header...
Trace|Width: 176, Height: 176, RowLength: 44
Trace|BPP: 2, PaletteColors: 3, Transaparency: 1
Trace|Writing palette...
Trace|Writing image...
Trace|Image 7 offset is 42796...
Debug|Encoding image 7...
Trace|Extracting palette...
Trace|Palette item 0: R 00, G 00, B 00, Transaparent color
Trace|Palette item 1: R FF, G FF, B FF
Trace|Writing image header...
Trace|Width: 176, Height: 176, RowLength: 22
Trace|BPP: 1, PaletteColors: 2, Transaparency: 1
Trace|Writing palette...
Trace|Writing image...
Trace|Image 8 offset is 46692...
Debug|Encoding image 8...
Trace|Extracting palette...
Trace|Palette item 0: R 00, G 00, B 00, Transaparent color
Trace|Palette item 1: R FF, G FF, B FF
Trace|Writing image header...
Trace|Width: 176, Height: 176, RowLength: 22
Trace|BPP: 1, PaletteColors: 2, Transaparency: 1
Trace|Writing palette...
Trace|Writing image...
Trace|Image 9 offset is 50588...
Debug|Encoding image 9...
Trace|Extracting palette...
Trace|Palette item 0: R 00, G 00, B 00, Transaparent color
Trace|Palette item 1: R FF, G FF, B FF
Trace|Writing image header...
Trace|Width: 176, Height: 176, RowLength: 22
Trace|BPP: 1, PaletteColors: 2, Transaparency: 1
Trace|Writing palette...
Trace|Writing image...
Trace|Image 10 offset is 54484...
Debug|Encoding image 10...
Trace|Extracting palette...
Trace|Palette item 0: R 00, G 00, B 00, Transaparent color
Trace|Palette item 1: R FF, G FF, B FF
Trace|Writing image header...
Trace|Width: 176, Height: 176, RowLength: 22
Trace|BPP: 1, PaletteColors: 2, Transaparency: 1
Trace|Writing palette...
Trace|Writing image...
Trace|Image 11 offset is 58380...
Debug|Encoding image 11...
Trace|Extracting palette...
Trace|Palette item 0: R 00, G 00, B 00, Transaparent color
Trace|Palette item 1: R FF, G FF, B FF
Trace|Writing image header...
Trace|Width: 176, Height: 176, RowLength: 22
Trace|BPP: 1, PaletteColors: 2, Transaparency: 1
Trace|Writing palette...
Trace|Writing image...
Trace|Image 12 offset is 62276...
Debug|Encoding image 12...
Trace|Extracting palette...
Trace|Palette item 0: R 00, G 00, B 00, Transaparent color
Trace|Palette item 1: R FF, G FF, B FF
Trace|Writing image header...
Trace|Width: 176, Height: 176, RowLength: 22
Trace|BPP: 1, PaletteColors: 2, Transaparency: 1
Trace|Writing palette...
Trace|Writing image...
Trace|Image 13 offset is 66172...
Debug|Encoding image 13...
Trace|Extracting palette...
Trace|Palette item 0: R 00, G 00, B 00, Transaparent color
Trace|Palette item 1: R FF, G FF, B FF
Trace|Writing image header...
Trace|Width: 176, Height: 176, RowLength: 22
Trace|BPP: 1, PaletteColors: 2, Transaparency: 1
Trace|Writing palette...
Trace|Writing image...
Trace|Image 14 offset is 70068...
Debug|Encoding image 14...
Trace|Extracting palette...
Trace|Palette item 0: R 00, G 00, B 00, Transaparent color
Trace|Palette item 1: R FF, G FF, B FF
Trace|Writing image header...
Trace|Width: 176, Height: 176, RowLength: 22
Trace|BPP: 1, PaletteColors: 2, Transaparency: 1
Trace|Writing palette...
Trace|Writing image...
Trace|Image 15 offset is 73964...
Debug|Encoding image 15...
Trace|Extracting palette...
Trace|Palette item 0: R 00, G 00, B 00, Transaparent color
Trace|Palette item 1: R FF, G FF, B FF
Trace|Writing image header...
Trace|Width: 176, Height: 176, RowLength: 22
Trace|BPP: 1, PaletteColors: 2, Transaparency: 1
Trace|Writing palette...
Trace|Writing image...
Trace|Image 16 offset is 77860...
Debug|Encoding image 16...
Trace|Extracting palette...
Trace|Palette item 0: R 00, G 00, B 00, Transaparent color
Trace|Palette item 1: R FF, G FF, B FF
Trace|Writing image header...
Trace|Width: 176, Height: 176, RowLength: 22
Trace|BPP: 1, PaletteColors: 2, Transaparency: 1
Trace|Writing palette...
Trace|Writing image...
Trace|Image 17 offset is 81756...
Debug|Encoding image 17...
Trace|Extracting palette...
Trace|Palette item 0: R 00, G 00, B 00, Transaparent color
Trace|Palette item 1: R FF, G FF, B FF
Trace|Writing image header...
Trace|Width: 176, Height: 176, RowLength: 22
Trace|BPP: 1, PaletteColors: 2, Transaparency: 1
Trace|Writing palette...
Trace|Writing image...
Trace|Image 18 offset is 85652...
Debug|Encoding image 18...
Trace|Extracting palette...
Trace|Palette item 0: R 00, G 00, B 00, Transaparent color
Trace|Palette item 1: R FF, G FF, B FF
Trace|Writing image header...
Trace|Width: 9, Height: 13, RowLength: 2
Trace|BPP: 1, PaletteColors: 2, Transaparency: 1
Trace|Writing palette...
Trace|Writing image...
Trace|Image 19 offset is 85702...
Debug|Encoding image 19...
Trace|Extracting palette...
Trace|Palette item 0: R 00, G 00, B 00, Transaparent color
Trace|Palette item 1: R FF, G FF, B FF
Trace|Writing image header...
Trace|Width: 9, Height: 13, RowLength: 2
Trace|BPP: 1, PaletteColors: 2, Transaparency: 1
Trace|Writing palette...
Trace|Writing image...
Trace|Image 20 offset is 85752...
Debug|Encoding image 20...
Trace|Extracting palette...
Trace|Palette item 0: R 00, G 00, B 00, Transaparent color
Trace|Palette item 1: R FF, G FF, B FF
Trace|Writing image header...
Trace|Width: 9, Height: 13, RowLength: 2
Trace|BPP: 1, PaletteColors: 2, Transaparency: 1
Trace|Writing palette...
Trace|Writing image...
Trace|Image 21 offset is 85802...
Debug|Encoding image 21...
Trace|Extracting palette...
Trace|Palette item 0: R 00, G 00, B 00, Transaparent color
Trace|Palette item 1: R FF, G FF, B FF
Trace|Writing image header...
Trace|Width: 9, Height: 13, RowLength: 2
Trace|BPP: 1, PaletteColors: 2, Transaparency: 1
Trace|Writing palette...
Trace|Writing image...
Trace|Image 22 offset is 85852...
Debug|Encoding image 22...
Trace|Extracting palette...
Trace|Palette item 0: R 00, G 00, B 00, Transaparent color
Trace|Palette item 1: R FF, G FF, B FF
Trace|Writing image header...
Trace|Width: 9, Height: 13, RowLength: 2
Trace|BPP: 1, PaletteColors: 2, Transaparency: 1
Trace|Writing palette...
Trace|Writing image...
Trace|Image 23 offset is 85902...
Debug|Encoding image 23...
Trace|Extracting palette...
Trace|Palette item 0: R 00, G 00, B 00, Transaparent color
Trace|Palette item 1: R FF, G FF, B FF
Trace|Writing image header...
Trace|Width: 9, Height: 13, RowLength: 2
Trace|BPP: 1, PaletteColors: 2, Transaparency: 1
Trace|Writing palette...
Trace|Writing image...
Trace|Image 24 offset is 85952...
Debug|Encoding image 24...
Trace|Extracting palette...
Trace|Palette item 0: R 00, G 00, B 00, Transaparent color
Trace|Palette item 1: R FF, G FF, B FF
Trace|Writing image header...
Trace|Width: 9, Height: 13, RowLength: 2
Trace|BPP: 1, PaletteColors: 2, Transaparency: 1
Trace|Writing palette...
Trace|Writing image...
Trace|Image 25 offset is 86002...
Debug|Encoding image 25...
Trace|Extracting palette...
Trace|Palette item 0: R FF, G FF, B FF
Trace|Palette item 1: R 00, G 00, B 00, Transaparent color
Trace|Writing image header...
Trace|Width: 9, Height: 13, RowLength: 2
Trace|BPP: 1, PaletteColors: 2, Transaparency: 1
Trace|Writing palette...
Trace|Writing image...
Trace|Image 26 offset is 86052...
Debug|Encoding image 26...
Trace|Extracting palette...
Trace|Palette item 0: R 00, G 00, B 00, Transaparent color
Trace|Palette item 1: R FF, G FF, B FF
Trace|Writing image header...
Trace|Width: 9, Height: 13, RowLength: 2
Trace|BPP: 1, PaletteColors: 2, Transaparency: 1
Trace|Writing palette...
Trace|Writing image...
Trace|Image 27 offset is 86102...
Debug|Encoding image 27...
Trace|Extracting palette...
Trace|Palette item 0: R 00, G 00, B 00, Transaparent color
Trace|Palette item 1: R FF, G FF, B FF
Trace|Writing image header...
Trace|Width: 9, Height: 13, RowLength: 2
Trace|BPP: 1, PaletteColors: 2, Transaparency: 1
Trace|Writing palette...
Trace|Writing image...
Trace|Image 28 offset is 86152...
Debug|Encoding image 28...
Trace|Extracting palette...
Trace|Palette item 0: R 00, G 00, B 00, Transaparent color
Trace|Palette item 1: R FF, G FF, B FF
Trace|Writing image header...
Trace|Width: 25, Height: 13, RowLength: 4
Trace|BPP: 1, PaletteColors: 2, Transaparency: 1
Trace|Writing palette...
Trace|Writing image...
Trace|Image 29 offset is 86228...
Debug|Encoding image 29...
Trace|Extracting palette...
Trace|Palette item 0: R 00, G 00, B 00, Transaparent color
Trace|Palette item 1: R FF, G FF, B FF
Trace|Writing image header...
Trace|Width: 25, Height: 13, RowLength: 4
Trace|BPP: 1, PaletteColors: 2, Transaparency: 1
Trace|Writing palette...
Trace|Writing image...
Trace|Image 30 offset is 86304...
Debug|Encoding image 30...
Trace|Extracting palette...
Trace|Palette item 0: R FF, G FF, B FF
Trace|Palette item 1: R 00, G 00, B 00, Transaparent color
Trace|Writing image header...
Trace|Width: 25, Height: 13, RowLength: 4
Trace|BPP: 1, PaletteColors: 2, Transaparency: 1
Trace|Writing palette...
Trace|Writing image...
Trace|Image 31 offset is 86380...
Debug|Encoding image 31...
Trace|Extracting palette...
Trace|Palette item 0: R 00, G 00, B 00, Transaparent color
Trace|Palette item 1: R FF, G FF, B FF
Trace|Writing image header...
Trace|Width: 25, Height: 13, RowLength: 4
Trace|BPP: 1, PaletteColors: 2, Transaparency: 1
Trace|Writing palette...
Trace|Writing image...
Trace|Image 32 offset is 86456...
Debug|Encoding image 32...
Trace|Extracting palette...
Trace|Palette item 0: R 00, G 00, B 00, Transaparent color
Trace|Palette item 1: R FF, G FF, B FF
Trace|Writing image header...
Trace|Width: 25, Height: 13, RowLength: 4
Trace|BPP: 1, PaletteColors: 2, Transaparency: 1
Trace|Writing palette...
Trace|Writing image...
Trace|Image 33 offset is 86532...
Debug|Encoding image 33...
Trace|Extracting palette...
Trace|Palette item 0: R 00, G 00, B 00, Transaparent color
Trace|Palette item 1: R FF, G FF, B FF
Trace|Writing image header...
Trace|Width: 25, Height: 13, RowLength: 4
Trace|BPP: 1, PaletteColors: 2, Transaparency: 1
Trace|Writing palette...
Trace|Writing image...
Trace|Image 34 offset is 86608...
Debug|Encoding image 34...
Trace|Extracting palette...
Trace|Palette item 0: R 00, G 00, B 00, Transaparent color
Trace|Palette item 1: R FF, G FF, B FF
Trace|Writing image header...
Trace|Width: 25, Height: 13, RowLength: 4
Trace|BPP: 1, PaletteColors: 2, Transaparency: 1
Trace|Writing palette...
Trace|Writing image...
Trace|Image 35 offset is 86684...
Debug|Encoding image 35...
Trace|Extracting palette...
Trace|Palette item 0: R 00, G 00, B 00, Transaparent color
Trace|Palette item 1: R FF, G FF, B FF
Trace|Writing image header...
Trace|Width: 6, Height: 13, RowLength: 1
Trace|BPP: 1, PaletteColors: 2, Transaparency: 1
Trace|Writing palette...
Trace|Writing image...
Trace|Image 36 offset is 86721...
Debug|Encoding image 36...
Trace|Extracting palette...
Trace|Palette item 0: R 00, G 00, B 00, Transaparent color
Trace|Palette item 1: R FF, G FF, B FF
Trace|Writing image header...
Trace|Width: 7, Height: 13, RowLength: 1
Trace|BPP: 1, PaletteColors: 2, Transaparency: 1
Trace|Writing palette...
Trace|Writing image...
Trace|Image 37 offset is 86758...
Debug|Encoding image 37...
Trace|Extracting palette...
Trace|Palette item 0: R FF, G 00, B 00
Trace|Palette item 1: R FF, G FF, B FF
Trace|Writing image header...
Trace|Width: 10, Height: 16, RowLength: 2
Trace|BPP: 1, PaletteColors: 2, Transaparency: 0
Trace|Writing palette...
Trace|Writing image...
Trace|Image 38 offset is 86814...
Debug|Encoding image 38...
Trace|Extracting palette...
Trace|Palette item 0: R 00, G 00, B FF
Trace|Palette item 1: R FF, G FF, B FF
Trace|Writing image header...
Trace|Width: 15, Height: 16, RowLength: 2
Trace|BPP: 1, PaletteColors: 2, Transaparency: 0
Trace|Writing palette...
Trace|Writing image...
Trace|Image 39 offset is 86870...
Debug|Encoding image 39...
Trace|Extracting palette...
Trace|Palette item 0: R 00, G 00, B 00, Transaparent color
Trace|Palette item 1: R FF, G 00, B 00
Trace|Palette item 2: R FF, G FF, B FF
Trace|Writing image header...
Trace|Width: 9, Height: 15, RowLength: 3
Trace|BPP: 2, PaletteColors: 3, Transaparency: 1
Trace|Writing palette...
Trace|Writing image...
Trace|Image 40 offset is 86943...
Debug|Encoding image 40...
Trace|Extracting palette...
Trace|Palette item 0: R 00, G 00, B 00, Transaparent color
Trace|Palette item 1: R FF, G 00, B 00
Trace|Palette item 2: R FF, G FF, B FF
Trace|Writing image header...
Trace|Width: 9, Height: 15, RowLength: 3
Trace|BPP: 2, PaletteColors: 3, Transaparency: 1
Trace|Writing palette...
Trace|Writing image...
Trace|Image 41 offset is 87016...
Debug|Encoding image 41...
Trace|Extracting palette...
Trace|Palette item 0: R 00, G 00, B 00, Transaparent color
Trace|Palette item 1: R 00, G 00, B 00
Trace|Palette item 2: R FF, G FF, B 00
Trace|Writing image header...
Trace|Width: 9, Height: 15, RowLength: 3
Trace|BPP: 2, PaletteColors: 3, Transaparency: 1
Trace|Writing palette...
Trace|Writing image...
Trace|Image 42 offset is 87089...
Debug|Encoding image 42...
Trace|Extracting palette...
Trace|Palette item 0: R 00, G 00, B 00, Transaparent color
Trace|Writing image header...
Trace|Width: 9, Height: 15, RowLength: 2
Trace|BPP: 1, PaletteColors: 1, Transaparency: 1
Trace|Writing palette...
Trace|Writing image...
Trace|Image 43 offset is 87139...
Debug|Encoding image 43...
Trace|Extracting palette...
Trace|Palette item 0: R 00, G 00, B 00, Transaparent color
Trace|Writing image header...
Trace|Width: 9, Height: 15, RowLength: 2
Trace|BPP: 1, PaletteColors: 1, Transaparency: 1
Trace|Writing palette...
Trace|Writing image...
Trace|Image 44 offset is 87189...
Debug|Encoding image 44...
Trace|Extracting palette...
Trace|Palette item 0: R 00, G 00, B 00, Transaparent color
Trace|Writing image header...
Trace|Width: 9, Height: 15, RowLength: 2
Trace|BPP: 1, PaletteColors: 1, Transaparency: 1
Trace|Writing palette...
Trace|Writing image...
Trace|Image 45 offset is 87239...
Debug|Encoding image 45...
Trace|Extracting palette...
Trace|Palette item 0: R 00, G 00, B 00, Transaparent color
Trace|Writing image header...
Trace|Width: 9, Height: 15, RowLength: 2
Trace|BPP: 1, PaletteColors: 1, Transaparency: 1
Trace|Writing palette...
Trace|Writing image...
Trace|Image 46 offset is 87289...
Debug|Encoding image 46...
Trace|Extracting palette...
Trace|Palette item 0: R 00, G 00, B 00, Transaparent color
Trace|Writing image header...
Trace|Width: 9, Height: 15, RowLength: 2
Trace|BPP: 1, PaletteColors: 1, Transaparency: 1
Trace|Writing palette...
Trace|Writing image...
Trace|Image 47 offset is 87339...
Debug|Encoding image 47...
Trace|Extracting palette...
Trace|Palette item 0: R 00, G 00, B 00, Transaparent color
Trace|Writing image header...
Trace|Width: 9, Height: 15, RowLength: 2
Trace|BPP: 1, PaletteColors: 1, Transaparency: 1
Trace|Writing palette...
Trace|Writing image...
Trace|Writing images offsets table
Debug|Writing images
